<?xml version="1.0" encoding="UTF-8"?>
<testsuite xmlns:xsi="http://www.w3.org/2001/XMLSchema-instance" xsi:noNamespaceSchemaLocation="https://maven.apache.org/surefire/maven-surefire-plugin/xsd/surefire-test-report.xsd" version="3.0.2" name="com.shopwise.app.SaleControllerTest" time="1.546" tests="5" errors="0" skipped="0" failures="0">
  <properties>
[...]
</properties>
  <testcase name="getSales_unauthenticated_401" classname="com.shopwise.app.SaleControllerTest" time="0.014">
    <system-out><![CDATA[2026-03-11T11:21:55.998+01:00  INFO 39129 --- [app] [           main] t.c.s.AnnotationConfigContextLoaderUtils : Could not detect default configuration classes for test class [com.shopwise.app.SaleControllerTest]: SaleControllerTest does not declare any static, non-private, non-final, nested classes annotated with @Configuration.
2026-03-11T11:21:56.001+01:00  INFO 39129 --- [app] [           main] .b.t.c.SpringBootTestContextBootstrapper : Found @SpringBootConfiguration com.shopwise.app.AppApplication for test class com.shopwise.app.SaleControllerTest

  .   ____          _            __ _ _
 /\\ / ___'_ __ _ _(_)_ __  __ _ \ \ \ \
( ( )\___ | '_ | '_| | '_ \/ _` | \ \ \ \
 \\/  ___)| |_)| | | | | || (_| |  ) ) ) )
  '  |____| .__|_| |_|_| |_\__, | / / / /
 =========|_|==============|___/=/_/_/_/

 :: Spring Boot ::                (v4.0.1)

2026-03-11T11:21:56.043+01:00  INFO 39129 --- [app] [           main] com.shopwise.app.SaleControllerTest      : Starting SaleControllerTest using Java 17.0.18 with PID 39129 (started by oem in /home/oem/Documents/ISCOD/BLOC - Conception avancée de l'architecture de logiciel/etude cas 2/shopwise_livrable/shopwise_deliverable)
2026-03-11T11:21:56.044+01:00  INFO 39129 --- [app] [           main] com.shopwise.app.SaleControllerTest      : No active profile set, falling back to 1 default profile: "default"
2026-03-11T11:21:56.288+01:00  INFO 39129 --- [app] [           main] .s.d.r.c.RepositoryConfigurationDelegate : Bootstrapping Spring Data JPA repositories in DEFAULT mode.
2026-03-11T11:21:56.304+01:00  INFO 39129 --- [app] [           main] .s.d.r.c.RepositoryConfigurationDelegate : Finished Spring Data repository scanning in 13 ms. Found 3 JPA repository interfaces.
2026-03-11T11:21:56.457+01:00  INFO 39129 --- [app] [           main] org.hibernate.orm.jpa                    : HHH008540: Processing PersistenceUnitInfo [name: default]
2026-03-11T11:21:56.482+01:00  INFO 39129 --- [app] [           main] o.s.o.j.p.SpringPersistenceUnitInfo      : No LoadTimeWeaver setup: ignoring JPA class transformer
2026-03-11T11:21:56.483+01:00  INFO 39129 --- [app] [           main] com.zaxxer.hikari.HikariDataSource       : HikariPool-3 - Starting...
2026-03-11T11:21:56.484+01:00  INFO 39129 --- [app] [           main] com.zaxxer.hikari.pool.HikariPool        : HikariPool-3 - Added connection conn20: url=jdbc:h2:mem:shopwise user=SA
2026-03-11T11:21:56.485+01:00  INFO 39129 --- [app] [           main] com.zaxxer.hikari.HikariDataSource       : HikariPool-3 - Start completed.
2026-03-11T11:21:56.486+01:00  WARN 39129 --- [app] [           main] org.hibernate.orm.deprecation            : HHH90000025: H2Dialect does not need to be specified explicitly using 'hibernate.dialect' (remove the property setting and it will be selected by default)
2026-03-11T11:21:56.487+01:00  INFO 39129 --- [app] [           main] org.hibernate.orm.connections.pooling    : HHH10001005: Database info:
	Database JDBC URL [jdbc:h2:mem:shopwise]
	Database driver: H2 JDBC Driver
	Database dialect: H2Dialect
	Database version: 2.4.240
	Default catalog/schema: SHOPWISE/PUBLIC
	Autocommit mode: undefined/unknown
	Isolation level: READ_COMMITTED [default READ_COMMITTED]
	JDBC fetch size: 100
	Pool: DataSourceConnectionProvider
	Minimum pool size: undefined/unknown
	Maximum pool size: undefined/unknown
2026-03-11T11:21:56.541+01:00  INFO 39129 --- [app] [           main] org.hibernate.orm.core                   : HHH000489: No JTA platform available (set 'hibernate.transaction.jta.platform' to enable JTA platform integration)
Hibernate: 
    drop table if exists products cascade 
Hibernate: 
    drop table if exists sale_items cascade 
Hibernate: 
    drop table if exists sales cascade 
Hibernate: 
    create table products (
        price numeric(10,2) not null,
        created_at timestamp(6),
        id bigint generated by default as identity,
        updated_at timestamp(6),
        name varchar(100) not null,
        description varchar(500),
        primary key (id)
    )
Hibernate: 
    create table sale_items (
        quantity integer not null,
        unit_price numeric(10,2) not null,
        id bigint generated by default as identity,
        product_id bigint not null,
        sale_id bigint not null,
        primary key (id)
    )
Hibernate: 
    create table sales (
        created_at timestamp(6),
        id bigint generated by default as identity,
        primary key (id)
    )
Hibernate: 
    alter table if exists sale_items 
       add constraint FK8g0sjiqs7tg055o06p6wawu39 
       foreign key (product_id) 
       references products
Hibernate: 
    alter table if exists sale_items 
       add constraint FK7tcpbc5c5mpnm8fl2phl8ep7l 
       foreign key (sale_id) 
       references sales
2026-03-11T11:21:56.558+01:00  INFO 39129 --- [app] [           main] j.LocalContainerEntityManagerFactoryBean : Initialized JPA EntityManagerFactory for persistence unit 'default'
2026-03-11T11:21:56.655+01:00  WARN 39129 --- [app] [           main] JpaBaseConfiguration$JpaWebConfiguration : spring.jpa.open-in-view is enabled by default. Therefore, database queries may be performed during view rendering. Explicitly configure spring.jpa.open-in-view to disable this warning
2026-03-11T11:21:56.849+01:00  INFO 39129 --- [app] [           main] r$InitializeUserDetailsManagerConfigurer : Global AuthenticationManager configured with UserDetailsService bean with name userDetailsService
2026-03-11T11:21:56.991+01:00  INFO 39129 --- [app] [           main] o.s.b.h.a.H2ConsoleAutoConfiguration     : H2 console available at '/h2-console'. Database available at 'jdbc:h2:mem:shopwise'
2026-03-11T11:21:57.033+01:00  INFO 39129 --- [app] [           main] com.shopwise.app.SaleControllerTest      : Started SaleControllerTest in 1.027 seconds (process running for 11.277)
2026-03-11T11:21:57.044+01:00  INFO 39129 --- [app] [           main] o.s.b.t.m.w.SpringBootMockServletContext : Initializing Spring TestDispatcherServlet ''
2026-03-11T11:21:57.045+01:00  INFO 39129 --- [app] [           main] o.s.t.web.servlet.TestDispatcherServlet  : Initializing Servlet ''
2026-03-11T11:21:57.047+01:00  INFO 39129 --- [app] [           main] o.s.t.web.servlet.TestDispatcherServlet  : Completed initialization in 2 ms
]]></system-out>
  </testcase>
  <testcase name="createSale_emptyItems_badRequest" classname="com.shopwise.app.SaleControllerTest" time="0.263">
    <system-out><![CDATA[2026-03-11T11:21:57.056+01:00  INFO 39129 --- [app] [           main] o.s.b.t.m.w.SpringBootMockServletContext : Initializing Spring TestDispatcherServlet ''
2026-03-11T11:21:57.056+01:00  INFO 39129 --- [app] [           main] o.s.t.web.servlet.TestDispatcherServlet  : Initializing Servlet ''
2026-03-11T11:21:57.057+01:00  INFO 39129 --- [app] [           main] o.s.t.web.servlet.TestDispatcherServlet  : Completed initialization in 1 ms
]]></system-out>
  </testcase>
  <testcase name="createSale_user_forbidden" classname="com.shopwise.app.SaleControllerTest" time="0.07">
    <system-out><![CDATA[2026-03-11T11:21:57.320+01:00  INFO 39129 --- [app] [           main] o.s.b.t.m.w.SpringBootMockServletContext : Initializing Spring TestDispatcherServlet ''
2026-03-11T11:21:57.320+01:00  INFO 39129 --- [app] [           main] o.s.t.web.servlet.TestDispatcherServlet  : Initializing Servlet ''
2026-03-11T11:21:57.321+01:00  INFO 39129 --- [app] [           main] o.s.t.web.servlet.TestDispatcherServlet  : Completed initialization in 1 ms
]]></system-out>
  </testcase>
  <testcase name="getSale_user_ok" classname="com.shopwise.app.SaleControllerTest" time="0.077">
    <system-out><![CDATA[2026-03-11T11:21:57.391+01:00  INFO 39129 --- [app] [           main] o.s.b.t.m.w.SpringBootMockServletContext : Initializing Spring TestDispatcherServlet ''
2026-03-11T11:21:57.391+01:00  INFO 39129 --- [app] [           main] o.s.t.web.servlet.TestDispatcherServlet  : Initializing Servlet ''
2026-03-11T11:21:57.392+01:00  INFO 39129 --- [app] [           main] o.s.t.web.servlet.TestDispatcherServlet  : Completed initialization in 1 ms
]]></system-out>
  </testcase>
  <testcase name="createSale_admin_ok" classname="com.shopwise.app.SaleControllerTest" time="0.072">
    <system-out><![CDATA[2026-03-11T11:21:57.468+01:00  INFO 39129 --- [app] [           main] o.s.b.t.m.w.SpringBootMockServletContext : Initializing Spring TestDispatcherServlet ''
2026-03-11T11:21:57.468+01:00  INFO 39129 --- [app] [           main] o.s.t.web.servlet.TestDispatcherServlet  : Initializing Servlet ''
2026-03-11T11:21:57.469+01:00  INFO 39129 --- [app] [           main] o.s.t.web.servlet.TestDispatcherServlet  : Completed initialization in 1 ms
]]></system-out>
  </testcase>
</testsuite>